<?xml version="1.0" encoding="UTF-8"?>
<coverage generated="1692904564042" clover="3.2.0">
  <project timestamp="1692904564042" name="All files">
    <metrics statements="25" coveredstatements="17" conditionals="4" coveredconditionals="3" methods="10" coveredmethods="4" elements="39" coveredelements="24" complexity="0" loc="25" ncloc="25" packages="1" files="1" classes="1"/>
    <file name="Body.js" path="C:\Namaste React\src\components\Body.js">
      <metrics statements="25" coveredstatements="17" conditionals="4" coveredconditionals="3" methods="10" coveredmethods="4"/>
      <line num="8" count="1" type="stmt"/>
      <line num="9" count="2" type="stmt"/>
      <line num="10" count="2" type="stmt"/>
      <line num="12" count="2" type="stmt"/>
      <line num="15" count="2" type="stmt"/>
      <line num="16" count="1" type="stmt"/>
      <line num="19" count="2" type="stmt"/>
      <line num="20" count="1" type="stmt"/>
      <line num="24" count="1" type="stmt"/>
      <line num="26" count="1" type="stmt"/>
      <line num="27" count="1" type="stmt"/>
      <line num="30" count="1" type="stmt"/>
      <line num="33" count="2" type="stmt"/>
      <line num="34" count="2" type="cond" truecount="1" falsecount="1"/>
      <line num="36" count="2" type="stmt"/>
      <line num="38" count="2" type="cond" truecount="2" falsecount="0"/>
      <line num="52" count="0" type="stmt"/>
      <line num="58" count="0" type="stmt"/>
      <line num="59" count="0" type="stmt"/>
      <line num="60" count="0" type="stmt"/>
      <line num="69" count="0" type="stmt"/>
      <line num="70" count="0" type="stmt"/>
      <line num="72" count="0" type="stmt"/>
      <line num="83" count="0" type="stmt"/>
      <line num="89" count="20" type="stmt"/>
    </file>
  </project>
</coverage>
