<?xml version="1.0" encoding="UTF-8"?>
<coverage generated="1692963431121" clover="3.2.0">
  <project timestamp="1692963431121" name="All files">
    <metrics statements="27" coveredstatements="26" conditionals="4" coveredconditionals="3" methods="11" coveredmethods="10" elements="42" coveredelements="39" complexity="0" loc="27" ncloc="27" packages="1" files="2" classes="2"/>
    <file name="Body.js" path="C:\Namaste React\src\components\Body.js">
      <metrics statements="25" coveredstatements="24" conditionals="4" coveredconditionals="3" methods="10" coveredmethods="9"/>
      <line num="8" count="1" type="stmt"/>
      <line num="9" count="7" type="stmt"/>
      <line num="11" count="7" type="stmt"/>
      <line num="13" count="7" type="stmt"/>
      <line num="16" count="7" type="stmt"/>
      <line num="17" count="2" type="stmt"/>
      <line num="20" count="7" type="stmt"/>
      <line num="21" count="2" type="stmt"/>
      <line num="25" count="2" type="stmt"/>
      <line num="27" count="2" type="stmt"/>
      <line num="28" count="2" type="stmt"/>
      <line num="31" count="2" type="stmt"/>
      <line num="34" count="7" type="stmt"/>
      <line num="35" count="7" type="cond" truecount="1" falsecount="1"/>
      <line num="37" count="7" type="stmt"/>
      <line num="39" count="7" type="cond" truecount="2" falsecount="0"/>
      <line num="53" count="1" type="stmt"/>
      <line num="59" count="1" type="stmt"/>
      <line num="60" count="20" type="stmt"/>
      <line num="61" count="1" type="stmt"/>
      <line num="70" count="1" type="stmt"/>
      <line num="71" count="20" type="stmt"/>
      <line num="72" count="1" type="stmt"/>
      <line num="82" count="0" type="stmt"/>
      <line num="88" count="83" type="stmt"/>
    </file>
    <file name="Contact.js" path="C:\Namaste React\src\components\Contact.js">
      <metrics statements="2" coveredstatements="2" conditionals="0" coveredconditionals="0" methods="1" coveredmethods="1"/>
      <line num="1" count="1" type="stmt"/>
      <line num="2" count="4" type="stmt"/>
    </file>
  </project>
</coverage>
