{"C:\\Namaste React\\src\\components\\Body.js": {"path":"C:\\Namaste React\\src\\components\\Body.js","statementMap":{"0":{"start":{"line":8,"column":13},"end":{"line":96,"column":1}},"1":{"start":{"line":9,"column":53},"end":{"line":9,"column":65}},"2":{"start":{"line":11,"column":54},"end":{"line":11,"column":66}},"3":{"start":{"line":13,"column":37},"end":{"line":13,"column":49}},"4":{"start":{"line":16,"column":2},"end":{"line":18,"column":9}},"5":{"start":{"line":17,"column":4},"end":{"line":17,"column":16}},"6":{"start":{"line":20,"column":20},"end":{"line":32,"column":3}},"7":{"start":{"line":21,"column":17},"end":{"line":23,"column":5}},"8":{"start":{"line":25,"column":17},"end":{"line":25,"column":34}},"9":{"start":{"line":27,"column":4},"end":{"line":27,"column":22}},"10":{"start":{"line":28,"column":4},"end":{"line":30,"column":6}},"11":{"start":{"line":31,"column":4},"end":{"line":31,"column":102}},"12":{"start":{"line":34,"column":23},"end":{"line":34,"column":40}},"13":{"start":{"line":35,"column":2},"end":{"line":35,"column":110}},"14":{"start":{"line":35,"column":29},"end":{"line":35,"column":110}},"15":{"start":{"line":37,"column":38},"end":{"line":37,"column":61}},"16":{"start":{"line":39,"column":2},"end":{"line":95,"column":4}},"17":{"start":{"line":53,"column":12},"end":{"line":53,"column":42}},"18":{"start":{"line":59,"column":39},"end":{"line":60,"column":86}},"19":{"start":{"line":60,"column":23},"end":{"line":60,"column":85}},"20":{"start":{"line":61,"column":14},"end":{"line":61,"column":56}},"21":{"start":{"line":70,"column":35},"end":{"line":71,"column":48}},"22":{"start":{"line":71,"column":25},"end":{"line":71,"column":47}},"23":{"start":{"line":72,"column":14},"end":{"line":72,"column":49}},"24":{"start":{"line":82,"column":27},"end":{"line":82,"column":54}},"25":{"start":{"line":88,"column":10},"end":{"line":91,"column":58}}},"fnMap":{"0":{"name":"(anonymous_0)","decl":{"start":{"line":8,"column":13},"end":{"line":8,"column":14}},"loc":{"start":{"line":8,"column":19},"end":{"line":96,"column":1}},"line":8},"1":{"name":"(anonymous_1)","decl":{"start":{"line":16,"column":12},"end":{"line":16,"column":13}},"loc":{"start":{"line":16,"column":18},"end":{"line":18,"column":3}},"line":16},"2":{"name":"(anonymous_2)","decl":{"start":{"line":20,"column":20},"end":{"line":20,"column":21}},"loc":{"start":{"line":20,"column":32},"end":{"line":32,"column":3}},"line":20},"3":{"name":"(anonymous_3)","decl":{"start":{"line":52,"column":20},"end":{"line":52,"column":21}},"loc":{"start":{"line":52,"column":25},"end":{"line":54,"column":11}},"line":52},"4":{"name":"(anonymous_4)","decl":{"start":{"line":57,"column":70},"end":{"line":57,"column":71}},"loc":{"start":{"line":57,"column":74},"end":{"line":63,"column":11}},"line":57},"5":{"name":"(anonymous_5)","decl":{"start":{"line":60,"column":14},"end":{"line":60,"column":15}},"loc":{"start":{"line":60,"column":23},"end":{"line":60,"column":85}},"line":60},"6":{"name":"(anonymous_6)","decl":{"start":{"line":69,"column":21},"end":{"line":69,"column":22}},"loc":{"start":{"line":69,"column":27},"end":{"line":73,"column":13}},"line":69},"7":{"name":"(anonymous_7)","decl":{"start":{"line":71,"column":16},"end":{"line":71,"column":17}},"loc":{"start":{"line":71,"column":25},"end":{"line":71,"column":47}},"line":71},"8":{"name":"(anonymous_8)","decl":{"start":{"line":82,"column":22},"end":{"line":82,"column":23}},"loc":{"start":{"line":82,"column":27},"end":{"line":82,"column":54}},"line":82},"9":{"name":"(anonymous_9)","decl":{"start":{"line":87,"column":32},"end":{"line":87,"column":33}},"loc":{"start":{"line":88,"column":10},"end":{"line":91,"column":58}},"line":88}},"branchMap":{"0":{"loc":{"start":{"line":35,"column":2},"end":{"line":35,"column":110}},"type":"if","locations":[{"start":{"line":35,"column":2},"end":{"line":35,"column":110}},{"start":{},"end":{}}],"line":35},"1":{"loc":{"start":{"line":39,"column":9},"end":{"line":95,"column":3}},"type":"cond-expr","locations":[{"start":{"line":40,"column":4},"end":{"line":40,"column":15}},{"start":{"line":42,"column":4},"end":{"line":94,"column":10}}],"line":39}},"s":{"0":1,"1":7,"2":7,"3":7,"4":7,"5":2,"6":7,"7":2,"8":2,"9":2,"10":2,"11":2,"12":7,"13":7,"14":0,"15":7,"16":7,"17":1,"18":1,"19":20,"20":1,"21":1,"22":20,"23":1,"24":0,"25":83},"f":{"0":7,"1":2,"2":2,"3":1,"4":1,"5":20,"6":1,"7":20,"8":0,"9":83},"b":{"0":[0,7],"1":[2,5]},"_coverageSchema":"1a1c01bbd47fc00a2c39e90264f33305004495a9","hash":"5af81827ca517e4c7fa5456ad0b13f25ff89927c"}
,"C:\\Namaste React\\src\\components\\Contact.js": {"path":"C:\\Namaste React\\src\\components\\Contact.js","statementMap":{"0":{"start":{"line":1,"column":16},"end":{"line":12,"column":1}},"1":{"start":{"line":2,"column":4},"end":{"line":11,"column":6}}},"fnMap":{"0":{"name":"(anonymous_0)","decl":{"start":{"line":1,"column":16},"end":{"line":1,"column":17}},"loc":{"start":{"line":1,"column":21},"end":{"line":12,"column":1}},"line":1}},"branchMap":{},"s":{"0":1,"1":4},"f":{"0":4},"b":{},"_coverageSchema":"1a1c01bbd47fc00a2c39e90264f33305004495a9","hash":"02d2ca753e79f1ac7236956606cb4e6e77704fff"}
}
