TN:
SF:src\components\Body.js
FN:8,(anonymous_0)
FN:16,(anonymous_1)
FN:20,(anonymous_2)
FN:52,(anonymous_3)
FN:57,(anonymous_4)
FN:60,(anonymous_5)
FN:69,(anonymous_6)
FN:71,(anonymous_7)
FN:82,(anonymous_8)
FN:87,(anonymous_9)
FNF:10
FNH:9
FNDA:7,(anonymous_0)
FNDA:2,(anonymous_1)
FNDA:2,(anonymous_2)
FNDA:1,(anonymous_3)
FNDA:1,(anonymous_4)
FNDA:20,(anonymous_5)
FNDA:1,(anonymous_6)
FNDA:20,(anonymous_7)
FNDA:0,(anonymous_8)
FNDA:83,(anonymous_9)
DA:8,1
DA:9,7
DA:11,7
DA:13,7
DA:16,7
DA:17,2
DA:20,7
DA:21,2
DA:25,2
DA:27,2
DA:28,2
DA:31,2
DA:34,7
DA:35,7
DA:37,7
DA:39,7
DA:53,1
DA:59,1
DA:60,20
DA:61,1
DA:70,1
DA:71,20
DA:72,1
DA:82,0
DA:88,83
LF:25
LH:24
BRDA:35,0,0,0
BRDA:35,0,1,7
BRDA:39,1,0,2
BRDA:39,1,1,5
BRF:4
BRH:3
end_of_record
TN:
SF:src\components\Contact.js
FN:1,(anonymous_0)
FNF:1
FNH:1
FNDA:4,(anonymous_0)
DA:1,1
DA:2,4
LF:2
LH:2
BRF:0
BRH:0
end_of_record
