TN:
SF:src\components\Body.js
FN:8,(anonymous_0)
FN:15,(anonymous_1)
FN:19,(anonymous_2)
FN:51,(anonymous_3)
FN:56,(anonymous_4)
FN:59,(anonymous_5)
FN:68,(anonymous_6)
FN:70,(anonymous_7)
FN:83,(anonymous_8)
FN:88,(anonymous_9)
FNF:10
FNH:4
FNDA:2,(anonymous_0)
FNDA:1,(anonymous_1)
FNDA:1,(anonymous_2)
FNDA:0,(anonymous_3)
FNDA:0,(anonymous_4)
FNDA:0,(anonymous_5)
FNDA:0,(anonymous_6)
FNDA:0,(anonymous_7)
FNDA:0,(anonymous_8)
FNDA:20,(anonymous_9)
DA:8,1
DA:9,2
DA:10,2
DA:12,2
DA:15,2
DA:16,1
DA:19,2
DA:20,1
DA:24,1
DA:26,1
DA:27,1
DA:30,1
DA:33,2
DA:34,2
DA:36,2
DA:38,2
DA:52,0
DA:58,0
DA:59,0
DA:60,0
DA:69,0
DA:70,0
DA:72,0
DA:83,0
DA:89,20
LF:25
LH:17
BRDA:34,0,0,0
BRDA:34,0,1,2
BRDA:38,1,0,1
BRDA:38,1,1,1
BRF:4
BRH:3
end_of_record
